<?xml version="1.0" encoding="UTF-8"?>
<testng-results ignored="0" total="1" passed="1" failed="0" skipped="0">
  <reporter-output>
  </reporter-output>
  <suite started-at="2021-08-25T00:13:06 IST" name="Default suite" finished-at="2021-08-25T00:13:33 IST" duration-ms="26857">
    <groups>
    </groups>
    <test started-at="2021-08-25T00:13:06 IST" name="Default test" finished-at="2021-08-25T00:13:33 IST" duration-ms="26857">
      <class name="com.vtiger.comcast.leadtest.DeleteContactTest">
        <test-method is-config="true" signature="configBS()[pri:0, instance:com.vtiger.comcast.leadtest.DeleteContactTest@7ed7259e]" started-at="2021-08-25T00:13:06 IST" name="configBS" finished-at="2021-08-25T00:13:06 IST" duration-ms="9" status="PASS">
          <reporter-output>
          </reporter-output>
        </test-method> <!-- configBS -->
        <test-method is-config="true" signature="configBC()[pri:0, instance:com.vtiger.comcast.leadtest.DeleteContactTest@7ed7259e]" started-at="2021-08-25T00:13:06 IST" name="configBC" finished-at="2021-08-25T00:13:10 IST" duration-ms="3291" status="PASS">
          <reporter-output>
          </reporter-output>
        </test-method> <!-- configBC -->
        <test-method is-config="true" signature="configBM()[pri:0, instance:com.vtiger.comcast.leadtest.DeleteContactTest@7ed7259e]" started-at="2021-08-25T00:13:10 IST" name="configBM" finished-at="2021-08-25T00:13:13 IST" duration-ms="3043" status="PASS">
          <reporter-output>
          </reporter-output>
        </test-method> <!-- configBM -->
        <test-method signature="deleteContactTest()[pri:0, instance:com.vtiger.comcast.leadtest.DeleteContactTest@7ed7259e]" started-at="2021-08-25T00:13:13 IST" name="deleteContactTest" finished-at="2021-08-25T00:13:31 IST" duration-ms="18007" status="PASS">
          <reporter-output>
          </reporter-output>
        </test-method> <!-- deleteContactTest -->
        <test-method is-config="true" signature="configAM()[pri:0, instance:com.vtiger.comcast.leadtest.DeleteContactTest@7ed7259e]" started-at="2021-08-25T00:13:31 IST" name="configAM" finished-at="2021-08-25T00:13:32 IST" duration-ms="1556" status="PASS">
          <reporter-output>
          </reporter-output>
        </test-method> <!-- configAM -->
        <test-method is-config="true" signature="configAC()[pri:0, instance:com.vtiger.comcast.leadtest.DeleteContactTest@7ed7259e]" started-at="2021-08-25T00:13:32 IST" name="configAC" finished-at="2021-08-25T00:13:33 IST" duration-ms="918" status="PASS">
          <reporter-output>
          </reporter-output>
        </test-method> <!-- configAC -->
        <test-method is-config="true" signature="configAS()[pri:0, instance:com.vtiger.comcast.leadtest.DeleteContactTest@7ed7259e]" started-at="2021-08-25T00:13:33 IST" name="configAS" finished-at="2021-08-25T00:13:33 IST" duration-ms="0" status="PASS">
          <reporter-output>
          </reporter-output>
        </test-method> <!-- configAS -->
      </class> <!-- com.vtiger.comcast.leadtest.DeleteContactTest -->
    </test> <!-- Default test -->
  </suite> <!-- Default suite -->
</testng-results>
